  Bullet.cpp
C:\Users\rlaxo\Desktop\Editor_Window\Engine_SourceCode\Bullet.cpp(30,79): warning C4244: '인수': 'float'에서 'int'(으)로 변환하면서 데이터가 손실될 수 있습니다.
C:\Users\rlaxo\Desktop\Editor_Window\Engine_SourceCode\Bullet.cpp(30,61): warning C4244: '인수': 'float'에서 'int'(으)로 변환하면서 데이터가 손실될 수 있습니다.
C:\Users\rlaxo\Desktop\Editor_Window\Engine_SourceCode\Bullet.cpp(30,46): warning C4244: '인수': 'float'에서 'int'(으)로 변환하면서 데이터가 손실될 수 있습니다.
C:\Users\rlaxo\Desktop\Editor_Window\Engine_SourceCode\Bullet.cpp(30,28): warning C4244: '인수': 'float'에서 'int'(으)로 변환하면서 데이터가 손실될 수 있습니다.
  Monster.cpp
C:\Users\rlaxo\Desktop\Editor_Window\Engine_SourceCode\Monster.cpp(18,13): warning C4244: '인수': 'time_t'에서 'unsigned int'(으)로 변환하면서 데이터가 손실될 수 있습니다.
C:\Users\rlaxo\Desktop\Editor_Window\Engine_SourceCode\Monster.cpp(90,62): warning C4244: '인수': 'float'에서 'int'(으)로 변환하면서 데이터가 손실될 수 있습니다.
C:\Users\rlaxo\Desktop\Editor_Window\Engine_SourceCode\Monster.cpp(90,49): warning C4244: '인수': 'float'에서 'int'(으)로 변환하면서 데이터가 손실될 수 있습니다.
C:\Users\rlaxo\Desktop\Editor_Window\Engine_SourceCode\Monster.cpp(90,36): warning C4244: '인수': 'float'에서 'int'(으)로 변환하면서 데이터가 손실될 수 있습니다.
C:\Users\rlaxo\Desktop\Editor_Window\Engine_SourceCode\Monster.cpp(90,23): warning C4244: '인수': 'float'에서 'int'(으)로 변환하면서 데이터가 손실될 수 있습니다.
  Scene.cpp
  SceneManager.cpp
  tApplication.cpp
  tEntity.cpp
  tGameObject.cpp
C:\Users\rlaxo\Desktop\Editor_Window\Engine_SourceCode\tGameObject.cpp(57,46): warning C4244: '인수': 'float'에서 'int'(으)로 변환하면서 데이터가 손실될 수 있습니다.
C:\Users\rlaxo\Desktop\Editor_Window\Engine_SourceCode\tGameObject.cpp(57,33): warning C4244: '인수': 'float'에서 'int'(으)로 변환하면서 데이터가 손실될 수 있습니다.
C:\Users\rlaxo\Desktop\Editor_Window\Engine_SourceCode\tGameObject.cpp(57,22): warning C4244: '인수': 'float'에서 'int'(으)로 변환하면서 데이터가 손실될 수 있습니다.
C:\Users\rlaxo\Desktop\Editor_Window\Engine_SourceCode\tGameObject.cpp(57,18): warning C4244: '인수': 'float'에서 'int'(으)로 변환하면서 데이터가 손실될 수 있습니다.
  tInput.cpp
  tTime.cpp
C:\Users\rlaxo\Desktop\Editor_Window\Engine_SourceCode\tTime.cpp(35,11): warning C4267: '초기화 중': 'size_t'에서 'int'(으)로 변환하면서 데이터가 손실될 수 있습니다.
  PlayScene.cpp
  코드를 생성하고 있습니다...
  TaeneEngine.vcxproj -> C:\Users\rlaxo\Desktop\Editor_Window\x64\Debug\TaeneEngine.lib
