c:\users\rlaxo\desktop\editor_window\x64\debug\taeneengine.pdb
c:\users\rlaxo\desktop\editor_window\x64\debug\taeneengine.idb
c:\users\rlaxo\desktop\editor_window\taeneengine\x64\debug\playscene.obj
c:\users\rlaxo\desktop\editor_window\taeneengine\x64\debug\ttime.obj
c:\users\rlaxo\desktop\editor_window\taeneengine\x64\debug\tinput.obj
c:\users\rlaxo\desktop\editor_window\taeneengine\x64\debug\tgameobject.obj
c:\users\rlaxo\desktop\editor_window\taeneengine\x64\debug\tentity.obj
c:\users\rlaxo\desktop\editor_window\taeneengine\x64\debug\tapplication.obj
c:\users\rlaxo\desktop\editor_window\taeneengine\x64\debug\scenemanager.obj
c:\users\rlaxo\desktop\editor_window\taeneengine\x64\debug\scene.obj
c:\users\rlaxo\desktop\editor_window\taeneengine\x64\debug\monster.obj
c:\users\rlaxo\desktop\editor_window\taeneengine\x64\debug\bullet.obj
c:\users\rlaxo\desktop\editor_window\x64\debug\taeneengine.lib
c:\users\rlaxo\desktop\editor_window\taeneengine\x64\debug\taeneengine.tlog\cl.command.1.tlog
c:\users\rlaxo\desktop\editor_window\taeneengine\x64\debug\taeneengine.tlog\cl.items.tlog
c:\users\rlaxo\desktop\editor_window\taeneengine\x64\debug\taeneengine.tlog\cl.read.1.tlog
c:\users\rlaxo\desktop\editor_window\taeneengine\x64\debug\taeneengine.tlog\cl.write.1.tlog
c:\users\rlaxo\desktop\editor_window\taeneengine\x64\debug\taeneengine.tlog\lib-link.read.1.tlog
c:\users\rlaxo\desktop\editor_window\taeneengine\x64\debug\taeneengine.tlog\lib-link.write.1.tlog
c:\users\rlaxo\desktop\editor_window\taeneengine\x64\debug\taeneengine.tlog\lib.command.1.tlog
