c:\githubprojects\apiportfolio\editor_window\editor_window\x64\debug\vc143.pdb
c:\githubprojects\apiportfolio\editor_window\editor_window\x64\debug\vc143.idb
c:\githubprojects\apiportfolio\editor_window\editor_window\x64\debug\main.obj
c:\githubprojects\apiportfolio\editor_window\editor_window\x64\debug\ttime.obj
c:\githubprojects\apiportfolio\editor_window\editor_window\x64\debug\tinput.obj
c:\githubprojects\apiportfolio\editor_window\editor_window\x64\debug\tgameobject.obj
c:\githubprojects\apiportfolio\editor_window\editor_window\x64\debug\tentity.obj
c:\githubprojects\apiportfolio\editor_window\editor_window\x64\debug\tapplication.obj
c:\githubprojects\apiportfolio\editor_window\editor_window\x64\debug\scenemanager.obj
c:\githubprojects\apiportfolio\editor_window\editor_window\x64\debug\scene.obj
c:\githubprojects\apiportfolio\editor_window\editor_window\x64\debug\monster.obj
c:\githubprojects\apiportfolio\editor_window\editor_window\x64\debug\bullet.obj
c:\githubprojects\apiportfolio\editor_window\editor_window\x64\debug\editor_window.res
c:\githubprojects\apiportfolio\editor_window\x64\debug\editor_window.pdb
c:\githubprojects\apiportfolio\editor_window\editor_window\x64\debug\editor_window.tlog\cl.command.1.tlog
c:\githubprojects\apiportfolio\editor_window\editor_window\x64\debug\editor_window.tlog\cl.read.1.tlog
c:\githubprojects\apiportfolio\editor_window\editor_window\x64\debug\editor_window.tlog\cl.write.1.tlog
c:\githubprojects\apiportfolio\editor_window\editor_window\x64\debug\editor_window.tlog\link-cvtres.read.1.tlog
c:\githubprojects\apiportfolio\editor_window\editor_window\x64\debug\editor_window.tlog\link-cvtres.write.1.tlog
c:\githubprojects\apiportfolio\editor_window\editor_window\x64\debug\editor_window.tlog\link-rc.read.1.tlog
c:\githubprojects\apiportfolio\editor_window\editor_window\x64\debug\editor_window.tlog\link-rc.write.1.tlog
c:\githubprojects\apiportfolio\editor_window\editor_window\x64\debug\editor_window.tlog\link.command.1.tlog
c:\githubprojects\apiportfolio\editor_window\editor_window\x64\debug\editor_window.tlog\link.read.1.tlog
c:\githubprojects\apiportfolio\editor_window\editor_window\x64\debug\editor_window.tlog\link.read.2.tlog
c:\githubprojects\apiportfolio\editor_window\editor_window\x64\debug\editor_window.tlog\link.write.1.tlog
c:\githubprojects\apiportfolio\editor_window\editor_window\x64\debug\editor_window.tlog\rc.command.1.tlog
c:\githubprojects\apiportfolio\editor_window\editor_window\x64\debug\editor_window.tlog\rc.read.1.tlog
c:\githubprojects\apiportfolio\editor_window\editor_window\x64\debug\editor_window.tlog\rc.write.1.tlog
